1553407105631	mozrunner::runner	INFO	Running command: "C:\\Program Files\\Mozilla Firefox\\firefox.exe" "-marionette" "-foreground" "-no-remote" "-profile" "C:\\Users\\user\\AppData\\Local\\Temp\\rust_mozprofile.LPyHpgleEybc"
1553407106629	addons.webextension.screenshots@mozilla.org	WARN	Loading extension 'screenshots@mozilla.org': Reading manifest: Invalid host permission: resource://pdf.js/
1553407106630	addons.webextension.screenshots@mozilla.org	WARN	Loading extension 'screenshots@mozilla.org': Reading manifest: Invalid host permission: about:reader*
1553407108286	Marionette	INFO	Listening on port 54516
1553407108354	Marionette	WARN	TLS certificate errors will be ignored for this session
[Parent 14288, Gecko_IOThread] WARNING: pipe error: 109: file z:/build/build/src/ipc/chromium/src/chrome/common/ipc_channel_win.cc, line 332
[Parent 14288, Gecko_IOThread] WARNING: pipe error: 109: file z:/build/build/src/ipc/chromium/src/chrome/common/ipc_channel_win.cc, line 332
[Child 3180, Chrome_ChildThread] WARNING: pipe error: 109: file z:/build/build/src/ipc/chromium/src/chrome[Child 12944, Chrome_ChildThread] WARNING: pipe error: 109: file z:/build/build/src/ipc/chromium/src/chrome/common/ipc_channel_win.cc, line 332
/common/ipc_channel_win.cc, line 332
[Child 3180, Chro1553407113963	Marionette	INFO	Stopped listening on port 54516

###!!! [Child][RunMessage] Error: Channel closing: too late to send/recv, messages will be lost

[GPU 
###!!! [Child][MessageChannel::SendAndWait] Error: Channel error: cannot send/recv

1553407518655	mozrunner::runner	INFO	Running command: "C:\\Program Files\\Mozilla Firefox\\firefox.exe" "-marionette" "-foreground" "-no-remote" "-profile" "C:\\Users\\user\\AppData\\Local\\Temp\\rust_mozprofile.AyEwv29QoicQ"
1553407519142	addons.webextension.screenshots@mozilla.org	WARN	Loading extension 'screenshots@mozilla.org': Reading manifest: Invalid host permission: resource://pdf.js/
1553407519142	addons.webextension.screenshots@mozilla.org	WARN	Loading extension 'screenshots@mozilla.org': Reading manifest: Invalid host permission: about:reader*
1553407520673	Marionette	INFO	Listening on port 55117
1553407520788	Marionette	WARN	TLS certificate errors will be ignored for this session
console.error: BroadcastService: 
  receivedBroadcastMessage: handler for
  remote-settings/monitor_changes
  threw error:
  Message: Error: Polling for changes failed: NetworkError when attempting to fetch resource..
  Stack:
    remoteSettingsFunction/remoteSettings.pollChanges@resource://services-settings/remote-settings.js:188:13

IPDL protocol error: Handler returned error code!

###!!! [Parent][DispatchAsyncMessage] Error: PLayerTransaction::Msg_ReleaseLayer Processing error: message was deserialized, but the handler returned false (indicating failure)

IPDL protocol error: Handler returned error code!

###!!! [Parent][DispatchAsyncMessage] Error: PLayerTransaction::Msg_ReleaseLayer Processing error: message was deserialized, but the handler returned false (indicating failure)

IPDL protocol error: Handler returned error code!

###!!! [Parent][DispatchAsyncMessage] Error: PLayerTransaction::Msg_ReleaseLayer Processing error: message was deserialized, but the handler returned false (indicating failure)

IPDL p[Parent 11604, Gecko_IOThread] WARNING: pipe error: 109: file z:/build/build/src/ipc/chromium/src/chrome/common/ipc_channel_win.cc, line 332
[Parent 11604, Gecko_IOThread] WARNING: pipe error: 109: file z:/build/build/src/ipc/chromium/src/chrome/common/ipc_channel_win.cc, line 332
[Parent 11604, Gecko_IOThread] WARNING: pipe error: 109: file z:/build/build/src/ipc/chromium/src/chrome/common/ipc_channel_win.cc, line 332
[Child 5820, Chrome_ChildThread] WARNING: pipe error: 109: file z:/build/build/src/ipc/chromium/src/chrome/common/ipc_channel_win.cc, line 332
[Child 5820, Chrome_ChildThr[Child 13184, Chrome_ChildThread] WARNING: pipe error: 109: file z:/build/build/src/ipc/chromium/src/chrome/common/ipc_channel_win.cc, line 332
[Child 13184,[Child 4228, Chrome_ChildThread] WARNING: pipe error: 109: file z:/build/build/src/ipc/chromium/src/chrome/common/ipc_channel_win.cc, line 332
[Child 4228, [Child 6892, Chrome_ChildThread] WARNING: pipe error: 109: file z:/build/build/src/ipc/chromium/src/chrome/common/ipc_channel_win.cc, line 332
[Child 6892, Chro1553408750072	Marionette	INFO	Stopped listening on port 55216
[GPU 14708
###!!! [Child][MessageChannel::SendAndWait] Error: Channel error: cannot send/recv

/src/ipc/chromium/src/chrome/common/ipc_channel_win.cc, line 332
[Child 9584, Chrome_ChildThread] WARNING: pipe error: 109: file z:/build/build/src/ipc/chromium/src/c[hrome/common/ipc_channel_win.cc, line 332
Chi[Child 9584, Chld 2776, Chrome_ChildThread] WARNING: pipe error: 109: file z:/build/build/src/ipc/chromium/src/chrome/common/ipc_channel_win.cc, line 332
[Child 2776, C[Parent 14004, Gecko_IOThread] WARNING: pipe error: 109: file z:/build/build/src/ipc/chromium/src/chrome/common/ipc_channel_win.cc, line 332
[Child 12076, Chrome_ChildThread] WARNING: pipe error: 109: file z:/build/build/src/ipc/chromium/src/chrome/common/ipc_channel_win.cc, line 332
[Child 12076, 1553408749433	Marionette	INFO	Stopped listening on port 55117

###!!! [Child][RunMessage] Error: Channel closing: too late to send/recv, messages will be lost


###!!! [Child][MessageChannel::SendAndWait] Error: Channel error: cannot send/recv

1553408787152	mozrunner::runner	INFO	Running command: "C:\\Program Files\\Mozilla Firefox\\firefox.exe" "-marionette" "-foreground" "-no-remote" "-profile" "C:\\Users\\user\\AppData\\Local\\Temp\\rust_mozprofile.v3j0Ta72HRdI"
1553408787644	addons.webextension.screenshots@mozilla.org	WARN	Loading extension 'screenshots@mozilla.org': Reading manifest: Invalid host permission: resource://pdf.js/
1553408787645	addons.webextension.screenshots@mozilla.org	WARN	Loading extension 'screenshots@mozilla.org': Reading manifest: Invalid host permission: about:reader*
1553408789129	Marionette	INFO	Listening on port 56880
1553408789265	Marionette	WARN	TLS certificate errors will be ignored for this session
[Parent 16956, Gecko_IOThread] WARNING: pipe error: 109: file z:/build/build/src/ipc/chromium/src/chrome/common/ipc_channel_win.cc, line 332
[Parent 16956, Gecko_IOThread] WARNING: pipe error: 109: file z:/build/build/src/ipc/chromium/src/chrome/common/ipc_channel_win.cc, line 332
[Child 6476, Chrome_ChildThread] WARNING: pipe error: 109: file z:/build/build/src/ipc/chromium/src/chrome/common/ipc_channel_win.cc, line 332
[Child 14692, Chrome_ChildThread] WARNING: pipe error: 109: file z:/build/build/src/ipc/chromium/src/chrome/common/ipc_channel_win.cc, line 332
[Child 14692, Chrome_ChildThre[Parent 16956, Gecko_IOThread] WARNING: pipe error: 109: file z:/build/build/src/ipc/chromium/src/chrome/common/ipc_channel_win.cc, line 332
1553408798512	Marionette	INFO	Stopped listening on port 56880
[GPU 170
###!!! [Child][RunMessage] Error: Channel closing: too late to send/recv, messages will be lost


###!!! [Child][MessageChannel::SendAndWait] Error: Channel error: cannot send/recv

1553434407635	mozrunner::runner	INFO	Running command: "C:\\Program Files\\Mozilla Firefox\\firefox.exe" "-marionette" "-foreground" "-no-remote" "-profile" "C:\\Users\\user\\AppData\\Local\\Temp\\rust_mozprofile.c1DniutQQa3O"
1553434408919	addons.webextension.screenshots@mozilla.org	WARN	Loading extension 'screenshots@mozilla.org': Reading manifest: Invalid host permission: resource://pdf.js/
1553434408920	addons.webextension.screenshots@mozilla.org	WARN	Loading extension 'screenshots@mozilla.org': Reading manifest: Invalid host permission: about:reader*
1553434412713	Marionette	INFO	Listening on port 61948
1553434413069	Marionette	WARN	TLS certificate errors will be ignored for this session
[Parent 12472, Gecko_IOThread] WARNING: pipe error: 109: file z:/build/build/src/ipc/chromium/src/chrome/common/ipc_channel_win.cc, line 332
[Parent 12472, Gecko_IOThread] WARNING: pipe error: 109: file z:/build/build/src/ipc/chromium/src/chrome/common/ipc_channel_win.cc, line 332
[Child 15452, Chrome_ChildThread] WARNING: pipe error: 109: file z:/build/build/src/ipc/chromium/src/chrome/common/ipc_channel_win.cc, line 332
[Child 154[Parent 12472, Gecko_IOThread] WARNING: pipe error: 109: file z:/build/build/src/ipc/chromium/src/chrome/common/ipc_channel_win.cc, line 332
1553434528594	Marionette	INFO	Stopped listening on port 61948

###!!! [Child][RunMessage] Error: Channel closing: too late to send/recv, messages will be lost

[GPU 
###!!! [Child][MessageChannel::SendAndWait] Error: Channel error: cannot send/recv[Parent 9728, Gecko_IOThread] WARNING: pipe error: 109: file z:/build/build/src/ipc/chromium/src/chrome/common/ipc_channel_win.cc, line 332
[Child 1248, Chrome_ChildThread] WARNING: pipe error: 109: file z:/build/build/src/ipc/chromium/src/chrome/common/ipc_channel_win.cc, line 332
[Child 1248, Chr[Child 10884, Chrome_ChildThread] WARNING: pipe error: 109: file z:/build/build/src/ipc/chromium/src/chrome/common/ipc_channel_win.cc, line 332
[Child 10884, Chrome_ChildThread] WARNING: pipe error: 109: file z:/build/build/src/[Parent 9728, Gecko_IOThread] WARNING: pipe error: 109: file z:/build/build/src/ipc/chromium/src/chrome/common/ipc_channel_win.cc, line 332
[Child 14080, Chrome_ChildThread] [Parent 10404, Gecko_IOThread] WARNING: pipe error: 109: file z:/build/build/src/ipc/chromium/src/chrome/common/ipc_channel_win.cc, line 332
[Child 2192, Chrome_ChildThread] WARNING: pipe error: 109: file z:/build/build/src/ipc/chromium/src/chrome/common/1553434877277	Marionette	INFO	Stopped listening on port 62049

###!!! [Child][RunMessage] Error: Channel closing: too late to send/recv, messages will be lost

[GPU 7172, Chrome_ChildThread] WARNING: pipe error: 109: file z:/build/build/src/ipc/chromium/src/chrome/common/ipc_channel_win.cc, line 332

###!!! [Child][MessageChannel::SendAndWait] Error: Channel error: cannot send/recv

ning on port 62151

###!!! [Child][RunMessage] Error: Channel closing: too late to send/recv, messages will be lost

[GPU 11440, Chrome_ChildTh
###!!! [Child][MessageChannel::SendAndWait] Error: Channel error: cannot send/recv

ING: pipe error: 109: file z:/build/build/src/ipc/chromium/src/chrome/common/ipc_channel_win.cc, line 332
1553434877280	Marionette	INFO	Stopped listening on port 62268

###!!! [Child][RunMessage] Error: Channel closing: too late to send/recv, messages will be lost

[GPU 3192, Chr
###!!! [Child][MessageChannel::SendAndWait] Error: Channel error: cannot send/recv

:reader*
1553434649319	Marionette	INFO	Listening on port 62332
1553434649674	Marionette	WARN	TLS certificate errors will be ignored for this session
[Parent 16376, Gecko_IOThread] WARNING: pipe error: 109: file z:/build/build/src/ipc/chromium/src/chrome/common/ipc_channel_win.cc, line 332
[Child 14704, Chrome_ChildThread] WARNING: pipe error: 109: file z:/build/build/src/ipc/chromium/src/chrome/common/ipc_channel_win.cc, line 332
[Child 14704, Ch[Parent 16376, Gecko_IOThread] WARNING: pipe error: 109: file z:/build/build/src/ipc/chromium/src/chrome/common/ipc_channel_win.cc, line 332
[Child 16372, Chrome_ChildThread] WARNING: pipe error: 1553434877313	Marionette	INFO	Stopped listening on port 62332

###!!! [Child][RunMessage] Error: Channel closing: too late to send/recv, messages will be lost

[GPU 17224, 
###!!! [Child][MessageChannel::SendAndWait] Error: Channel error: cannot send/recv

le z:/build/build/src/ipc/chromium/src/chrome/common/ipc_channel_win.cc, line 332
[Parent 18128, Gecko_IOThread] WARNING: pipe error: 109: file z:/build/build/src/ipc/chromium/src/chrome/common/ipc_channel_win.cc, line 332
[Child 1612, Chrome_ChildThread] WARNING: pipe error: 109: file z:/build/build/src/ipc/chromium/src/chrome/common/ipc_channel_win.cc, line 332
[Parent 18128, Gecko_IOThread] WARNING: pipe error: 109: file z:/build/build/src/ipc/chromium/src/chrome/common/ipc_channel_win.cc, line 332
1553434877359	Marionette	INFO	Stopped listening on port 62649

###!!! [Child][RunMessage] Error: Channel closing: too late to send/recv, messages will be lost

[GPU 180
###!!! [Child][MessageChannel::SendAndWait] Error: Channel error: cannot send/recv

1553434882187	mozrunner::runner	INFO	Running command: "C:\\Program Files\\Mozilla Firefox\\firefox.exe" "-marionette" "-foreground" "-no-remote" "-profile" "C:\\Users\\user\\AppData\\Local\\Temp\\rust_mozprofile.UDfKojEf2HP2"
1553434883148	addons.webextension.screenshots@mozilla.org	WARN	Loading extension 'screenshots@mozilla.org': Reading manifest: Invalid host permission: resource://pdf.js/
1553434883148	addons.webextension.screenshots@mozilla.org	WARN	Loading extension 'screenshots@mozilla.org': Reading manifest: Invalid host permission: about:reader*
1553434884701	Marionette	INFO	Listening on port 62746
1553434884910	Marionette	WARN	TLS certificate errors will be ignored for this session
1553434888094	Marionette	WARN	TimedPromise timed out after 500 ms: stacktrace:
bail@chrome://marionette/content/sync.js:196:64
[Parent 18708, Gecko_IOThread] WARNING: pipe error: 109: file z:/build/build/src/ipc/chromium/src/chrome/common/ipc_channel_win.cc, line 332
[Child 6524, Chrome_ChildThread] WARNING: pipe error: 109: file z:/build/build/src/ipc/chromium/src/chrome/common/ipc_channel_win.cc, line 332
[Child 6524, Chrome_ChildThrea[Child 19328, Chrome_ChildThread] WARNING: pipe error: 109: file z:/build/build/src/ipc/chromium/src/chrome/common/ipc_channel_win.cc, line 332
[Child 19328, Chrome_ChildThread] WARNING: pipe error: 109: file z:/build/build/src/ipc/chromium/src/chrome/common/ipc_channel_win.cc, line 332
1553435135912	Marionette	INFO	Stopped listening on port 62746

###!!! [Child][RunMessage] Error: Channel closing: too late to send/recv, messages will be lost

[GPU 19112, Chrome_Chil
###!!! [Child][MessageChannel::SendAndWait] Error: Channel error: cannot send/recv

Chrome_ChildThread] WARNING: pipe error: 109: file z:/build/build/src/ipc/chromium/src/chrome/common/ipc_channel_win.cc, line 332
[Child 9748, [Parent 8620, Gecko_IOThread] WARNING: pipe error: 109: file z:/build/build/src/ipc/chromium/src/chrome/common/ipc_channel_win.cc, line 332
1553435134557	Marionette	INFO	Stopped listening on port 62829
[GPU 17
###!!! [Child][MessageChannel::SendAndWait] Error: Channel error: cannot send/recv

553434993444	Marionette	WARN	TLS certificate errors will be ignored for this session
[Parent 11084, Gecko_IOThread] WARNING: pipe error: 109: file z:/build/build/src/ipc/chromium/src/chrome/common/ipc_channel_win.cc, line 332
[Child 18924, Chrome_ChildThread] WARNING: pipe error: 109: file z:/build/build/src/ipc/chromium/src/chrome/common/ipc_channel_win.cc, line 332
[Child 18924, Chrome_ChildThread[Parent 11084, Gecko_IOThread] WARNING: pipe error: 109: file z:/build/build/src/ipc/chromium/src/chrome/common/ipc_channel_win.cc, line 332
1553435135902	Marionette	INFO	Stopped listening on port 62966

###!!! [Child][RunMessage] Error: Channel closing: too late to send/recv, messages will be lost

[GPU 1247
###!!! [Child][MessageChannel::SendAndWait] Error: Channel error: cannot send/recv

cko_IOThread] WARNING: pipe error: 109: file z:/build/build/src/ipc/chromium/src/chrome/common/ipc_channel_win.cc, line 332
[Child 16924, Chrome_ChildThread] WARNING: pipe error: 109: file z:/build/build/src/ipc/chromium/src/chrome/common/ipc_channel_win.cc, line 332
[Child 16924, C1553435101378	Marionette	INFO	Stopped listening on port 63082
[GPU 8400, Chrome_ChildThr
###!!! [Child][MessageChannel::SendAndWait] Error: Channel error: cannot send/recv

screenshots@mozilla.org': Reading manifest: Invalid host permission: about:reader*
1553435086649	Marionette	INFO	Listening on port 63166
1553435086726	Marionette	WARN	TLS certificate errors will be ignored for this session
[Parent 18908, Gecko_IOThread] WARNING: pipe error: 109: file z:/build/build/src/ipc/chromium/src/chrome/common/ipc_channel_win.cc, line 332
1553435095262	Marionette	INFO	Stopped listening on port 63166

###!!! [Child][RunMessage] Error: Channel closing: too late to send/recv, messages will be lost

[GPU 17
###!!! [Child][MessageChannel::SendAndWait] Error: Channel error: cannot send/recv

1553435457067	mozrunner::runner	INFO	Running command: "C:\\Program Files\\Mozilla Firefox\\firefox.exe" "-marionette" "-foreground" "-no-remote" "-profile" "C:\\Users\\user\\AppData\\Local\\Temp\\rust_mozprofile.OYOblQZvDRPy"
1553435458048	addons.webextension.screenshots@mozilla.org	WARN	Loading extension 'screenshots@mozilla.org': Reading manifest: Invalid host permission: resource://pdf.js/
1553435458048	addons.webextension.screenshots@mozilla.org	WARN	Loading extension 'screenshots@mozilla.org': Reading manifest: Invalid host permission: about:reader*
1553435459598	Marionette	INFO	Listening on port 63707
1553435459788	Marionette	WARN	TLS certificate errors will be ignored for this session
[Parent 4340, Gecko_IOThread] WARNING: pipe error: 109: file z:/build/build/src/ipc/chromium/src/chrome/common/ipc_channel_win.cc, line 332
[Child 16248, Chrome_ChildThread] WARNING: pipe error: 109: file z:/build/build/src/ipc/chromium/src/chrome/common/ipc_channel_win.cc, line 332
[Child 16248, Chrom1553435512490	Marionette	INFO	Stopped listening on port 63707

###!!! [Child][RunMessage] Error: Channel closing: too late to send/recv, messages will be lost

[GPU 19316
###!!! [Child][MessageChannel::SendAndWait] Error: Channel error: cannot send/recv

435479483	Marionette	INFO	Listening on port 63769
1553435479586	Marionette	WARN	TLS certificate errors will be ignored for this session
[Child 18672, Chrome_ChildThread] WARNING: pipe error: 109: file z:/build/build/src/ipc/chromium/src/chrome/common/ipc_channel_win.cc, line 332
[Child 18672, Chrome[Parent 9656, Gecko_IOThread] WARNING: pipe error: 109: file z:/build/build/src/ipc/chromium/src/chrome/common/ipc_channel_win.cc, line 332
[Child 3556, Chrome_ChildThread] WARNING: pipe error: 109: file z:/build/build/src/ipc/chromium/src/chrome/common/ipc_channel_win.cc, line 332
[Child 3556, Chro1553435510724	Marionette	INFO	Stopped listening on port 63769

###!!! [Child][RunMessage] Error: Channel closing: too late to send/recv, messages will be lost

[GPU 17896, Chrome_Chil
###!!! [Child][MessageChannel::SendAndWait] Error: Channel error: cannot send/recv

G: pipe error: 109: file z:/build/build/src/ipc/chromium/src/chrome/common/ipc_channel_win.cc, line 332
[Child 18260, Chrome_ChildThread] WARNING: pipe error: 109: file z:/build/build/src/ipc/chromium/src/chrome/common/ipc_channel_win.cc, line 332
[Child 18260, C1553435510268	Marionette	INFO	Stopped listening on port 63825

###!!! [Child][RunMessage] Error: Channel closing: too late to send/recv, messages will be lost

[GPU 
###!!! [Child][MessageChannel::SendAndWait] Error: Channel error: cannot send/recv

1553436903046	mozrunner::runner	INFO	Running command: "C:\\Program Files\\Mozilla Firefox\\firefox.exe" "-marionette" "-foreground" "-no-remote" "-profile" "C:\\Users\\user\\AppData\\Local\\Temp\\rust_mozprofile.DcwUS2hPvuci"
1553436904052	addons.webextension.screenshots@mozilla.org	WARN	Loading extension 'screenshots@mozilla.org': Reading manifest: Invalid host permission: resource://pdf.js/
1553436904052	addons.webextension.screenshots@mozilla.org	WARN	Loading extension 'screenshots@mozilla.org': Reading manifest: Invalid host permission: about:reader*
1553436905690	Marionette	INFO	Listening on port 49497
1553436905777	Marionette	WARN	TLS certificate errors will be ignored for this session
[Parent 18300, Gecko_IOThread] WARNING: pipe error: 109: file z:/build/build/src/ipc/chromium/src/chrome/common/ipc_channel_win.cc, line 332
1553437000074	Marionette	INFO	Stopped listening on port 49497
[GPU
###!!! [Child][MessageChannel::SendAndWait] Error: Channel error: cannot send/recv

extension 'screenshots@mozilla.org': Reading manifest: Invalid host permission: resource://pdf.js/
1553436978357	addons.webextension.screenshots@mozilla.org	WARN	Loading extension 'screenshots@mozilla.org': Reading manifest: Invalid host permission: about:reader*
1553436981429	Marionette	INFO	Listening on port 49620
1553436981686	Marionette	WARN	TLS certificate errors will be ignored for this session
[Parent 9568, Gecko_IOThread] WARNING: pipe error: 109: file z:/build/build/src/ipc/chromium/src/chrome/common/ipc_channel_win.cc, line 332
[Parent 9568, Gecko_IOThread] WARNING: pipe error: 109: file z:/build/build/src/ipc/chromium/src/chrome/common/ipc_channel_win.cc, line 332
[Child 15856, Chrome_ChildThread] WARNING: pipe error: 109: file z:/build/build/src/ipc/chromium/src/chrome/common/ipc_channel_win.cc, line 332
[Child 19256, Chrome_ChildThread] WARNING: pipe error: 109: file z:/build/build/src/ipc/chromium/src/chrome/common/ipc_channel_win.cc, line 332
[Child 19256, Chrome[Parent 9568, Gecko_IOThread] WARNING: pipe error: 109: file z:/build/build/src/ipc/chromium/src/chrome/common/ipc_channel_win.cc, line 332
1553436995951	Marionette	INFO	Stopped listening on port 49620

###!!! [Child][RunMessage] Error: Channel closing: too late to send/recv, messages will be lost

[GPU 9204, 
###!!! [Child][MessageChannel::SendAndWait] Error: Channel error: cannot send/recv

1553437230373	mozrunner::runner	INFO	Running command: "C:\\Program Files\\Mozilla Firefox\\firefox.exe" "-marionette" "-foreground" "-no-remote" "-profile" "C:\\Users\\user\\AppData\\Local\\Temp\\rust_mozprofile.8KmppnfFLlIQ"
1553437231341	addons.webextension.screenshots@mozilla.org	WARN	Loading extension 'screenshots@mozilla.org': Reading manifest: Invalid host permission: resource://pdf.js/
1553437231341	addons.webextension.screenshots@mozilla.org	WARN	Loading extension 'screenshots@mozilla.org': Reading manifest: Invalid host permission: about:reader*
1553437232946	Marionette	INFO	Listening on port 50011
1553437233087	Marionette	WARN	TLS certificate errors will be ignored for this session
console.error: BroadcastService: 
  receivedBroadcastMessage: handler for
  remote-settings/monitor_changes
  threw error:
  Message: Error: Polling for changes failed: NetworkError when attempting to fetch resource..
  Stack:
    remoteSettingsFunction/remoteSettings.pollChanges@resource://services-settings/remote-settings.js:188:13

[Parent 15548, Gecko_IOThread] WARNING: pipe error: 109: file z:/build/build/src/ipc/chromium/src/chrome/common/ipc_channel_win.cc, line 332
[Parent 15548, Gecko_IOThread] WARNING: pipe error: 109: file z:/build/build/src/ipc/chromium/src/chrome/common/ipc_channel_win.cc, line 332
[Child 19372, Chrome_ChildThread] WARNING: pipe error: 109: file z:/build/build/src/ipc/chromium/src/chrome/common/ipc_channel_win.cc, line 332
[Child 19372, C[Parent 15548, Gecko_IOThread] WARNING: pipe error: 109: file z:/build/build/src/ipc/chromium/src/chrome/common/ipc_channel_win.cc, line 332
[Child 18768, Chrome_ChildThread] WARNING: pipe error: 109: file z:/build/build/src/ipc/chromium/src/chrome/common/ipc_channel_win.cc, line 332
[Child 18768, Chrome_ChildThread] WARNING: pipe error: 109: file z:/build/build/src/ipc/chromium/src1553439476526	Marionette	INFO	Stopped listening on port 50011

###!!! [Child][RunMessage] Error: Channel closing: too late to send/recv, messages will be lost


###!!! [Child][MessageChannel::SendAndWait] Error: Channel error: cannot send/recv

ror: Handler returned error code!

###!!! [Parent][DispatchAsyncMessage] Error: PLayerTransaction::Msg_ReleaseLayer Processing error: message was deserialized, but the handler returned false (indicating failure)

IPDL protocol error: Handler returned error code!

###!!! [Parent][DispatchAsyncMessage] Error: PLayerTransaction::Msg_ReleaseLayer Processing error: message was deserialized, but the handler returned false (indicating failure)

IPDL protocol error: Handler returned error code!

###!!! [Parent][DispatchAsyncMessage] Error: PLayerTransaction::Msg_ReleaseLayer Processing error: message was deserialized, but the handler returned false (indicating failure)

IPDL protocol error: Handler returned error code!

###!!! [Parent][DispatchAsyncMessage] Error: PLayerTransaction::Msg_ReleaseLayer Processing error: message was deserialized, but the handler returned false (indicating failure)

IPDL protocol error: Handler returned error code!

###!!! [Parent][DispatchAsyncMessage] Error: PLayerTransaction::Msg_ReleaseLayer Processing error: message was deserialized, but the handler returned false (indicating failure)

IPDL protocol error: Handler returned error code!

###!!! [Parent][DispatchAsyncMessage] Error: PLayerTransaction::Msg_ReleaseLayer Processing error: message was deserialized, but the handler returned false (indicating failure)

[Child 1852, Chrome_ChildThread] WARNING: pipe error: 109: file z:/build/build/src/ipc/chromium/src/chrome/common/[ipc_channel_win.cc, line 332Parent 18172, Gec
ko_IOThread] WARNING: pipe error: 109: file z:/build/build/src/ipc/chromium/src/chrome/common/ipc_channel_win.cc, line 332
[Child 18048, Chrome_ChildThread] WARNING: pipe error: 109: file z:/build/build/src/ipc/chromium/src/chrome/common/ipc_channel_win.cc, line 332
[Child 1[Parent 18172, Gecko_IOThread] WARNING: pipe error: 109: file z:/build/build/src/ipc/chromium/src/chrome/common/ipc_channel_win.cc, line 332
[Child 892, Chrome_ChildThread] WARNING: pipe error: 109: file z:/build/build/src/ipc/chromium/src/chrome/common/ipc_channel_win.cc, line 332
[Child 8921553439474775	Marionette	INFO	Stopped listening on port 50380

###!!! [Child][RunMessage] Error: Channel closing: too late to send/recv, messages will be lost

[GPU 13764, Chrome_ChildThrea
###!!! [Child][MessageChannel::SendAndWait] Error: Channel error: cannot send/recv

g to fetch resource..
  Stack:
    remoteSettingsFunction/remoteSettings.pollChanges@resource://services-settings/remote-settings.js:188:13

[Parent 9472, Gecko_IOThread] WARNING: pipe error: 109: file z:/build/build/src/ipc/chromium/src/chrome/common/ipc_channel_win.cc, line 332
[Child 15152, Chrome_ChildThread] WARNING: pipe error: 109: file z:/build/build/src/ipc/chromium/src/chrome/common/ipc_channel_win.cc, line 332
[Child 15152, Chrome_ChildThread] WARNING: pipe error: 109: file z:/build/build/src/ipc[Child 2240, Chrome_ChildThread] WARNING: pipe error: 109: file z:/build/build/src/ipc/chromium/src/chrome/common/ipc_channel_win.cc, line 332
[Child 2240, Chrome_ChildThread] WARNING: pipe error: 109: file z:/build/build/src/ipc/chromium/src/chrome/common/ipc_channel_win.cc, line 332
1553439482501	Marionette	INFO	Stopped listening on port 50896

###!!! [Child][RunMessage] Error: Channel closing: too late to send/recv, messages will be lost

[GPU 14232
###!!! [Child][MessageChannel::SendAndWait] Error: Channel error: cannot send/recv

sing: too late to send/recv, messages will be lost

[GPU 9008
###!!! [Child][MessageChannel::SendAndWait] Error: Channel error: cannot send/recv

1553439174510	mozrunner::runner	INFO	Running command: "C:\\Program Files\\Mozilla Firefox\\firefox.exe" "-marionette" "-foreground" "-no-remote" "-profile" "C:\\Users\\user\\AppData\\Local\\Temp\\rust_mozprofile.v0AObDYIsfJS"
1553439175018	addons.webextension.screenshots@mozilla.org	WARN	Loading extension 'screenshots@mozilla.org': Reading manifest: Invalid host permission: resource://pdf.js/
1553439175019	addons.webextension.screenshots@mozilla.org	WARN	Loading extension 'screenshots@mozilla.org': Reading manifest: Invalid host permission: about:reader*
1553439176687	Marionette	INFO	Listening on port 52992
1553439176728	Marionette	WARN	TLS certificate errors will be ignored for this session
[Parent 13160, Gecko_IOThread] WARNING: pipe error: 109: file z:/build/build/src/ipc/chromium/src/chrome/common/ipc_channel_win.cc, line 332
[Parent 13160, Gecko_IOThread] WARNING: pipe error: 109: file z:/build/build/src/ipc/chromium/src/chrome/common/ipc_channel_win.cc, line 332
[Child 7792, Chrome_ChildThread] WARNING: pipe error: 109: file z:/build/build/src/ipc/chromium/src/chrome/common/ipc_channel_win.cc, line 332
[Child 7792, Chrome_ChildThread] WARN1553439217828	Marionette	INFO	Stopped listening on port 52992

###!!! [Child][RunMessage] Error: Channel closing: too late to send/recv, messages will be lost

[GPU 141
###!!! [Child][MessageChannel::SendAndWait] Error: Channel error: cannot send/recv

1553439847024	mozrunner::runner	INFO	Running command: "C:\\Program Files\\Mozilla Firefox\\firefox.exe" "-marionette" "-foreground" "-no-remote" "-profile" "C:\\Users\\user\\AppData\\Local\\Temp\\rust_mozprofile.Ep7xhJvp7wl2"
1553439847974	addons.webextension.screenshots@mozilla.org	WARN	Loading extension 'screenshots@mozilla.org': Reading manifest: Invalid host permission: resource://pdf.js/
1553439847974	addons.webextension.screenshots@mozilla.org	WARN	Loading extension 'screenshots@mozilla.org': Reading manifest: Invalid host permission: about:reader*
1553439849639	Marionette	INFO	Listening on port 53939
1553439849740	Marionette	WARN	TLS certificate errors will be ignored for this session
console.error: BroadcastService: 
  receivedBroadcastMessage: handler for
  remote-settings/monitor_changes
  threw error:
  Message: Error: Polling for changes failed: NetworkError when attempting to fetch resource..
  Stack:
    remoteSettingsFunction/remoteSettings.pollChanges@resource://services-settings/remote-settings.js:188:13

[Parent 12388, Gecko_IOThread] WARNING: pipe error: 109: file z:/build/build/src/ipc/chromium/src/chrome/common/ipc_channel_win.cc, line 332
[Child 10560, Chrome_ChildThread] WARNING: pipe error: 109: file z:/build/build/src/ipc/chromium/src/chrome/common/ipc_channel_win.cc, line 332
[Child 10560, Chrome_ChildThread] WARNING: pipe error: 109: file z:/build/build/src/ipc/chromium/src/chrome/common/[Parent 12388, Gecko_IOThread] WARNING: pipe error: 109: file z:/build/build/src/ipc/chromium/src/chrome/common/ipc_channel_win.cc, line 332
1553442711979	Marionette	INFO	Stopped listening on port 53939

###!!! [Child][MessageChannel::SendAndWait] Error: Channel error: cannot send/recv

 session
[Parent 11144, Gecko_IOThread] WARNING: pipe error: 109: file z:/build/build/src/ipc/chromium/src/chrome/common/ipc_channel_win.cc, line 332
[Parent 11144, Gecko_IOThread] WARNING: pipe error: 109: file z:/build/build/src/ipc/chromium/src/chrome/common/ipc_channel_win.cc, line 332
[Child 18092, Chrome_ChildThread] WARNING: pipe error: 109: file z:/build/build/src/ipc/chromium/src/chrome/common/ipc_channel_win.cc, line 332
[Child 18092, Chrome_ChildThread] WARNI[Child 8460, Chrome_ChildThread] WARNING: pipe error: 109: file z:/build/build/src/ipc/chromium/src/chrome/common/ipc_channel_win.cc, line 332
[Child 8460, Chrome_ChildThread] WARNING: pipe error: 109: file z:/build/build/src/ipc/chromium/src/chrome/common/ipc_channel_win.cc, line 332
[Parent 11144, Gecko_IOThread] WARNING: pipe error: 109: file z:/build/build/src/ipc/chromium/src/chrome/common/ipc_channel_win.cc, line 332
[Child 9600, Chrome_ChildThread] WARNING: pipe error: 109: file z:/build/build/src/ipc/chromium/src/chrome/common/ipc_channel_win.cc, line 332
[Child 9600, Chrome_ChildThread] WARNING: pipe error: 109: file z:/build/build/src/ipc/chromium/src/chrome/common/ipc_channel_win.cc, line 332
1553442712048	Marionette	INFO	Stopped listening on port 54439

###!!! [Child][MessageChannel::SendAndWait] Error: Channel error: cannot send/recv

ped listening on port 54604

###!!! [Child][RunMessage] Error: Channel closing: too late to send/recv, messages will be lost

[GPU 3216, Chrome
###!!! [Child][MessageChannel::SendAndWait] Error: Channel error: cannot send/recv

sers\\user\\AppData\\Local\\Temp\\rust_mozprofile.U0y1SHHzhJU5"
1553440489127	addons.webextension.screenshots@mozilla.org	WARN	Loading extension 'screenshots@mozilla.org': Reading manifest: Invalid host permission: resource://pdf.js/
1553440489127	addons.webextension.screenshots@mozilla.org	WARN	Loading extension 'screenshots@mozilla.org': Reading manifest: Invalid host permission: about:reader*
1553440490780	Marionette	INFO	Listening on port 55046
1553440490829	Marionette	WARN	TLS certificate errors will be ignored for this session
[Child 11484, Chrome_ChildThread] WARNING: pipe error: 109: file z:/build/build/src/ipc/chromium/src/chrome/common/ipc_channel_win.cc, line 332
[Child 1148[Parent 11096, Gecko_IOThread] WARNING: pipe error: 109: file z:/build/build/src/ipc/chromium/src/chrome/common/ipc_channel_win.cc, line 332
1553440968519	Marionette	INFO	Stopped listening on port 55046

###!!! [Child][RunMessage] Error: Channel closing: too late to send/recv, messages will be lost

[GPU 9864,
###!!! [Child][MessageChannel::SendAndWait] Error: Channel error: cannot send/recv

d host permission: about:reader*
1553440609293	Marionette	INFO	Listening on port 55268
1553440609734	Marionette	WARN	TLS certificate errors will be ignored for this session
[Parent 17660, Gecko_IOThread] WARNING: pipe error: 109: file z:/build/build/src/ipc/chromium/src/chrome/common/ipc_channel_win.cc, line 332
[Parent 17660, Gecko_IOThread] WARNING: pipe error: 109: file z:/build/build/src/ipc/chromium/src/chrome/common/ipc_channel_win.cc, line 332
[Parent 17660, Gecko_IOThread] WARNING: pipe error: 109: file z:/build/build/src/ipc/chromium/src/chrome/common/ipc_channel_win.cc, line 332
[Child 2796, Chrome_ChildThread] WARNING: pipe error: 109: file z:/build/build/src/ipc/chromium/src/chrome/c1553442711767	Marionette	INFO	Stopped listening on port 55268

###!!! [Child][RunMessage] Error: Channel closing: too late to send/recv, messages will be lost

[GPU 9120, Chrome_ChildThread] WARNING: pipe error: 109: file z:/build/build/src/ipc/chromium/src/chrome/common/ipc_channel_win.cc, line 332

###!!! [Child][MessageChannel::SendAndWait] Error: Channel error: cannot send/recv

src/ipc/chromium/src/chrome/common/ipc_channel_win.cc, line 332
[Parent 13828, Gecko_IOThread] WARNING: pipe error: 109: file z:/build/build/src/ipc/chromium/src/chrome/common/ipc_channel_win.cc, line 332
[Child 18444, Chrome_ChildThread] WARNING: pipe error: 109: file z:/build/build/src/ipc/chromium/src/chrome/common/ipc_channel_win.cc, line 332
1553442711583	Marionette	INFO	Stopped listening on port 55442

###!!! [Child][RunMessage] Error: Channel closing: too late to send/recv, messages will be lost

[GPU 8856, Chrome
###!!! [Child][MessageChannel::SendAndWait] Error: Channel error: cannot send/recv

2
[Child 7292, Chrome_ChildThread] WARNING: pipe error: 109: file z:/build/build/src/ipc/chromium/src/chrome/common/ipc_channel_win.cc, line 332
[Child 7292, Chrome_ChildThread] WARNING: pipe err[Parent 14476, Gecko_IOThread] WARNING: pipe error: 109: file z:/build/build/src/ipc/chromium/src/chrome/common/ipc_channel_win.cc, line 332
[Child 12396, Chrome_ChildThread] WARNING: pipe error: 109: file z:/build/build/src/i1553441061866	Marionette	INFO	Listening on port 56045
1553441062084	Marionette	WARN	TLS certificate errors will be ignored for this session
[Child 15292, Chrome_ChildThread] WARNING: pipe error: 109: file z:/build/build/src/ipc/chromium/src/chrome/common/ipc_channel_win.cc, line 332
[Child 15292, Chrome_ChildThread] WARNING: pipe error: 109: file z:/build/build/src/ipc/ch[Child 13388, Chrome_ChildThread] WARNING: pipe error: 109: file z:/build/build/src/ipc/chromium/src/chrome/common/ipc_channel_win.cc, line 332
[Child 1331553441069779	Marionette	INFO	Stopped listening on port 56045

###!!! [Child][RunMessage] Error: Channel closing: too late to send/recv, messages will be lost

[GPU 
###!!! [Child][MessageChannel::SendAndWait] Error: Channel error: cannot send/recv

1553441093280	mozrunner::runner	INFO	Running command: "C:\\Program Files\\Mozilla Firefox\\firefox.exe" "-marionette" "-foreground" "-no-remote" "-profile" "C:\\Users\\user\\AppData\\Local\\Temp\\rust_mozprofile.cvpKgC3kkxlm"
1553441093876	addons.webextension.screenshots@mozilla.org	WARN	Loading extension 'screenshots@mozilla.org': Reading manifest: Invalid host permission: resource://pdf.js/
1553441093876	addons.webextension.screenshots@mozilla.org	WARN	Loading extension 'screenshots@mozilla.org': Reading manifest: Invalid host permission: about:reader*
1553441095506	Marionette	INFO	Listening on port 56133
1553441095993	Marionette	WARN	TLS certificate errors will be ignored for this session
1553441225034	mozrunner::runner	INFO	Running command: "C:\\Program Files\\Mozilla Firefox\\firefox.exe" "-marionette" "-foreground" "-no-remote" "-profile" "C:\\Users\\user\\AppData\\Local\\Temp\\rust_mozprofile.J9YL2fS7Y9H0"
1553441226010	addons.webextension.screenshots@mozilla.org	WARN	Loading extension 'screenshots@mozilla.org': Reading manifest: Invalid host permission: resource://pdf.js/
1553441226010	addons.webextension.screenshots@mozilla.org	WARN	Loading extension 'screenshots@mozilla.org': Reading manifest: Invalid host permission: about:reader*
1553441227580	Marionette	INFO	Listening on port 56372
1553441227758	Marionette	WARN	TLS certificate errors will be ignored for this session
[Parent 12576, Gecko_IOThread] WARNING: pipe error: 109: file z:/build/build/src/ipc/chromium/src/chrome/common/ipc_channel_win.cc, line 332
[Child 2976, Chrome_ChildThread] WARNING: pipe error: 109: file z:/build/build/src/ipc/chromium/src/chrome/common/ipc_channel_win.cc, line 332
[Parent 12576, Gecko_IOThread] WARNING: pipe error: 109: file z:/build/build/src/ipc/chromium/src/chrome/common/ipc_channel_win.cc, line 332
[Child 9760, Chrome_ChildThread] WARNING: pipe error: 109: file z:/build/build/src/ipc/chromium/src/chrome/common/ipc_channel_win.cc, line 332
[Child 9760, Ch1553442711926	Marionette	INFO	Stopped listening on port 56372

###!!! [Child][RunMessage] Error: Channel closing: too late to send/recv, messages will be lost

[GPU 15776, Chrome_ChildThread] WARNING: pipe error: 109: file z:/build/build/src/ipc/chromium/src/chrome/common/ipc_channel_win.cc, line 332

###!!! [Child][MessageChannel::SendAndWait] Error: Channel error: cannot send/recv

line 332
[Child 8872, Chrome_ChildThread] WARNING: pipe error: 109: file z:/build/build/src/ipc/chromium/src/chrome/common/ipc_channel_win.cc, line 332
[Child 8872, Chrome_ChildThread] WARNING: pipe error: 109: file z:/build/build/src/ipc/chromium/src/chrome/common/ipc_channel_win.cc, line 332
[Parent 14704, Gecko_IOThread] WARNING: pipe error: 109: file z:/build/build/src/ipc/chromium/src/chrome/common/ipc_channel_win.cc, line 332
[Child 18368, Chrome_ChildThread] WARNING: pipe error: 109: file z:/build/build/src/ipc/chromium/src/chrome/common/ipc_channel_win.cc, line 332
[Child 18368, Chro1553442711935	Marionette	INFO	Stopped listening on port 56486

###!!! [Child][RunMessage] Error: Channel closing: too late to send/recv, messages will be lost

[GPU 476, Chrome_ChildThread] WARNING: pipe error: 109: file z:/build/build/src/ipc/chromium/src/chrome/common/ipc_channel_win.cc, line 332

###!!! [Child][MessageChannel::SendAndWait] Error: Channel error: cannot send/recv

 closing: too late to send/recv, messages will be lost

[GPU 12528, C
###!!! [Child][MessageChannel::SendAndWait] Error: Channel error: cannot send/recv

arent 19712, Gecko_IOThread] WARNING: pipe error: 109: file z:/build/build/src/ipc/chromium/src/chrome/common/ipc_channel_win.cc, line 332

###!!! [Child][RunMessage] Error: Channel closing: too late to send/recv, messages will be lost

[
###!!! [Child][MessageChannel::SendAndWait] Error: Channel error: cannot send/recv

1553441512304	mozrunner::runner	INFO	Running command: "C:\\Program Files\\Mozilla Firefox\\firefox.exe" "-marionette" "-foreground" "-no-remote" "-profile" "C:\\Users\\user\\AppData\\Local\\Temp\\rust_mozprofile.fPw0nJxifQmH"
1553441513306	addons.webextension.screenshots@mozilla.org	WARN	Loading extension 'screenshots@mozilla.org': Reading manifest: Invalid host permission: resource://pdf.js/
1553441513306	addons.webextension.screenshots@mozilla.org	WARN	Loading extension 'screenshots@mozilla.org': Reading manifest: Invalid host permission: about:reader*
1553441514905	Marionette	INFO	Listening on port 56930
1553441515018	Marionette	WARN	TLS certificate errors will be ignored for this session
[Child 19808, Chrome_ChildThread] WARNING: pipe error: 109: file z:/build/build/src/ipc/chromium/src/chrome/common/ipc_channel_win.cc, line 332
[Child 19808, Chrome_ChildThread] WARNING: pipe error: 109: file z:/build/build/src/ipc/chromium/src/chrome/common/ipc_channel_win.cc, line 332
[Child 19820, Chrome_ChildThread] WARNING: pipe error: 109: file z:/build/build/src/ipc/chromium/src/chrome/common/ipc_channel_win.cc, line 332
[Child 19820, Chrome_ChildThread] WARNING: pipe error: 109: file z:/build/build/src/ipc/chromium/s[Parent 8896, Gecko_IOThread] WARNING: pipe error: 109: file z:/build/build/src/ipc/chromium/src/chrome/common/ipc_channel_win.cc, line 332
[Child 19472, Chrome_ChildThread] WARNING: pipe error: 109: file z:/build/build/src/ipc/chromium/src/chrome/common/ipc_channel_win.cc, line 332
[Child 19472, Chrome_ChildThread] WARNING: pipe error: 109: file z:/build/build/src/ipc/chromium/src/chrome/common/ipc_channel_win.cc, line 332
1553442711880	Marionette	INFO	Stopped listening on port 56930
[GPU 17792, Chrome_ChildThread] WARNING: pipe error: 109: file 
###!!! [Child][RunMessage] Error: Channel closing: too late to send/recv, messages will be lost

z:/build/build/src/ipc/chromium/src/chrome/common/ipc_channel_win.cc, line 332

###!!! [Child][MessageChannel::SendAndWait] Error: Channel error: cannot send/recv

rtificate errors will be ignored for this session
[Child 12820, Chrome_ChildThread] WARNING: pipe error: 109: file z:/build/build/src/ipc/chromium/src/chrome/common/ipc_channel_win.cc, line 332
[Child 12820, Chrome_ChildThread] WARNING: pipe er[Child 19220, Chrome_ChildThread] WARNING: pipe error: 109: file z:/build/build/src/ipc/chromium/src/chrome/common/ipc_channel_win.cc, line 332
[Child 19220, Chrome_ChildThread] WARN[Parent 19988, Gecko_IOThread] WARNING: pipe error: 109: file z:/build/build/src/ipc/chromium/src/chrome/common/ipc_channel_win.cc, line 332
[Child 20216, Chrome_ChildThread] WARNING: pipe error: 109: file z:/build/build/src/ipc/chromium/src/chrome/common/ipc_channel_win.cc, line 332
[Child 20216, Chrome_Chil1553441947860	Marionette	INFO	Stopped listening on port 57414
[GPU 1327
###!!! [Child][RunMessage] Error: Channel closing: too late to send/recv, messages will be lost

2,
###!!! [Child][MessageChannel::SendAndWait] Error: Channel error: cannot send/recv

1553441962217	mozrunner::runner	INFO	Running command: "C:\\Program Files\\Mozilla Firefox\\firefox.exe" "-marionette" "-foreground" "-no-remote" "-profile" "C:\\Users\\user\\AppData\\Local\\Temp\\rust_mozprofile.axkqlENExdRr"
1553441963162	addons.webextension.screenshots@mozilla.org	WARN	Loading extension 'screenshots@mozilla.org': Reading manifest: Invalid host permission: resource://pdf.js/
1553441963162	addons.webextension.screenshots@mozilla.org	WARN	Loading extension 'screenshots@mozilla.org': Reading manifest: Invalid host permission: about:reader*
1553441964786	Marionette	INFO	Listening on port 57690
1553441964941	Marionette	WARN	TLS certificate errors will be ignored for this session
[Parent 20360, Gecko_IOThread] WARNING: pipe error: 109: file z:/build/build/src/ipc/chromium/src/chrome/common/ipc_channel_win.cc, line 332
[Parent 20360, Gecko_IOThread] WARNING: pipe error: 109: file z:/build/build/src/ipc/chromium/src/chrome/common/ipc_channel_win.cc, line 332
[Parent 20360, Gecko_IOThread] WARNING: pipe error: 109: file z:/build/build/src/ipc/chromium/src/chrome/common/ipc_channel_win.cc, line 332
1553442711864	Marionette	INFO	Stopped listening on port 57690

###!!! [Child][RunMessage] Error: Channel closing: too late to send/recv, messages will be lost

[GPU 8296, Chrome_ChildThread] WARNING: pipe error: 109: file z:/build/build/src/ipc/chromium/src/chrome/common/ipc_channel_win.cc, line 332

###!!! [Child][MessageChannel::SendAndWait] Error: Channel error: cannot send/recv

_channel_win.cc, line 332
[Child 18108, Chrome_ChildThread] WARNING: pipe error: 109: file z:/build/build/src/ipc/chromium/src/chrome/common/ipc_channel_win.cc, line 332
[Child 18108, Chrome_ChildT[Parent 12212, Gecko_IOThread] WARNING: pipe error: 109: file z:/build/build/src/ipc/chromium/src/chrome/common/ipc_channel_win.cc, line 332
1553442711947	Marionette	INFO	Stopped listening on port 58181

###!!! [Child][MessageChannel::SendAndWait] Error: Channel error: cannot send/recv

ort 58365
1553442384431	Marionette	WARN	TLS certificate errors will be ignored for this session
[Child 13832, Chrome_ChildThread] WARNING: pipe error: 109: file z:/build/build/src/ipc/chromium/src/chrome/common/ipc_channel_win.cc, line 332
[Parent 21384, Gecko_IOThread] WARNING: pipe error: 109: file z:/build/build/src/ipc/chromium/src/chrome/common/ipc_channel_win.cc, line 332
[Child 21260, Chrome_ChildThread] WARNING: pipe error: 109: file z:/build/build/src/ipc/chromium/src/chrome/common/ipc_channel_win.cc, line 332
1553442711704	Marionette	INFO	Stopped listening on port 58365

###!!! [Child][RunMessage] Error: Channel closing: too late to send/recv, messages will be lost

[GPU 21080, Ch
###!!! [Child][MessageChannel::SendAndWait] Error: Channel error: cannot send/recv

ssion
[Parent 20372, Gecko_IOThread] WARNING: pipe error: 109: file z:/build/build/src/ipc/chromium/src/chrome/common/ipc_channel_win.cc, line 332
[Parent 20372, Gecko_IOThread] WARNING: pipe error: 109: file z:/build/build/src/ipc/chromium/src/chrome/common/ipc_channel_win.cc, line 332
[Child 21940, Chrome_ChildThread] WARNING: pipe error: 109: file z:/build/build/src/ipc/chromium/src/chrome/common/ipc_channel_win.cc, line 332
[Child 21940,1553442523823	Marionette	INFO	Stopped listening on port 58464

###!!! [Child][RunMessage] Error: Channel closing: too late to send/recv, messages will be lost

[GPU 21732, Chrome_C
###!!! [Child][MessageChannel::SendAndWait] Error: Channel error: cannot send/recv

480, Chrome_ChildThread] WARNING: pipe error: 109: file z:/build/build/src/ipc/chromium/src/chrome/common/ipc_channel_win.cc, line 332
[Child 21480, Chrome_Child[Child 21320, Chrome_ChildThread] WARNING: pipe error: 109: file z:/build/build/src/ipc/chromium/src/chrome/common/ipc_channel_win.cc, line 332
[Child 21320, 1553442522349	Marionette	INFO	Stopped listening on port 58573

###!!! [Child][RunMessage] Error: Channel closing: too late to send/recv, messages will be lost

[GPU 218
###!!! [Child][MessageChannel::SendAndWait] Error: Channel error: cannot send/recv

1553442534916	mozrunner::runner	INFO	Running command: "C:\\Program Files\\Mozilla Firefox\\firefox.exe" "-marionette" "-foreground" "-no-remote" "-profile" "C:\\Users\\user\\AppData\\Local\\Temp\\rust_mozprofile.aDGBVaMqYPH7"
1553442535878	addons.webextension.screenshots@mozilla.org	WARN	Loading extension 'screenshots@mozilla.org': Reading manifest: Invalid host permission: resource://pdf.js/
1553442535878	addons.webextension.screenshots@mozilla.org	WARN	Loading extension 'screenshots@mozilla.org': Reading manifest: Invalid host permission: about:reader*
1553442537531	Marionette	INFO	Listening on port 58688
1553442537635	Marionette	WARN	TLS certificate errors will be ignored for this session
[Parent 22908, Gecko_IOThread] WARNING: pipe error: 109: file z:/build/build/src/ipc/chromium/src/chrome/common/ipc_channel_win.cc, line 332
[Parent 22908, Gecko_IOThread] WARNING: pipe error: 109: file z:/build/build/src/ipc/chromium/src/chrome/common/ipc_channel_win.cc, line 332
[Child 21064, Chrome_ChildThread] WARNING: pipe error: 109: file z:/build/build/src/ipc/chromium/src/chrome/common/ipc_channel_win.cc, line 332
[Parent 22908, Gecko_IOThread] WARNING: pipe error: 109: file z:/build/build/src/ipc/chromium/src/chrome/common/ipc_channel_win.cc, line 332
1553442711909	Marionette	INFO	Stopped listening on port 58688

###!!! [Child][RunMessage] Error: Channel closing: too late to send/recv, messages will be lost


###!!! [Child][MessageChannel::SendAndWait] Error: Channel error: cannot send/recv

d] WARNING: pipe error: 109: file z:/build/build/src/ipc/chromium/src/chrome/common/ipc_channel_win.cc, line 332
[Parent 23480, Gecko_IOThread] WARNING: pipe error: 109: file z:/build/build/src/ipc/chromium/src/chrome/common/ipc_channel_win.cc, line 332
[Child 12168, Chrome_ChildThread] WARNING: pipe error: 109: file z:/build/build/src/ipc/chromium/src/chrome/common/ipc_channel_win.cc, line 332
[Child 12168, Chrome_C1553442711766	Marionette	INFO	Stopped listening on port 58921

###!!! [Child][RunMessage] Error: Channel closing: too late to send/recv, messages will be lost


###!!! [Child][MessageChannel::SendAndWait] Error: Channel error: cannot send/recv

1553442784572	mozrunner::runner	INFO	Running command: "C:\\Program Files\\Mozilla Firefox\\firefox.exe" "-marionette" "-foreground" "-no-remote" "-profile" "C:\\Users\\user\\AppData\\Local\\Temp\\rust_mozprofile.KVDEofZCdVlR"
1553442785564	addons.webextension.screenshots@mozilla.org	WARN	Loading extension 'screenshots@mozilla.org': Reading manifest: Invalid host permission: resource://pdf.js/
1553442785564	addons.webextension.screenshots@mozilla.org	WARN	Loading extension 'screenshots@mozilla.org': Reading manifest: Invalid host permission: about:reader*
1553442787187	Marionette	INFO	Listening on port 59119
1553442787284	Marionette	WARN	TLS certificate errors will be ignored for this session
JavaScript error: resource://gre/modules/WebNavigationFrames.jsm, line 43: TypeError: window is null
[Child 12092, Chrome_ChildThread] WARNING: pipe error: 109: file z:/build/build/src/ipc/chromium/src/chrome/common/ipc_channel_win.cc, line 332
[Child 19960, C[Chilhrome_ChildThread] WARNING: pipe error: 109: file z:/build/build/src/ipc/chromium/src/chrome/common/ipc_channel_win.cc, line 332
[Child 19960, [Child 3924, Chrome_ChildThread] WARNING: pipe error: 109: file z:/build/build/src/ipc/chromium/src/chrome/common/ipc_channel_win.cc, line 332
[Child 3924,1553442929945	Marionette	INFO	Stopped listening on port 59119

###!!! [Child][RunMessage] Error: Channel closing: too late to send/recv, messages will be lost

[GPU 21900
###!!! [Child][MessageChannel::SendAndWait] Error: Channel error: cannot send/recv

1553443075220	mozrunner::runner	INFO	Running command: "C:\\Program Files\\Mozilla Firefox\\firefox.exe" "-marionette" "-foreground" "-no-remote" "-profile" "C:\\Users\\user\\AppData\\Local\\Temp\\rust_mozprofile.Zz9aAQkqLtNr"
1553443075708	addons.webextension.screenshots@mozilla.org	WARN	Loading extension 'screenshots@mozilla.org': Reading manifest: Invalid host permission: resource://pdf.js/
1553443075708	addons.webextension.screenshots@mozilla.org	WARN	Loading extension 'screenshots@mozilla.org': Reading manifest: Invalid host permission: about:reader*
1553443077272	Marionette	INFO	Listening on port 59572
1553443077335	Marionette	WARN	TLS certificate errors will be ignored for this session
console.error: BroadcastService: 
  receivedBroadcastMessage: handler for
  remote-settings/monitor_changes
  threw error:
  Message: Error: Polling for changes failed: NetworkError when attempting to fetch resource..
  Stack:
    remoteSettingsFunction/remoteSettings.pollChanges@resource://services-settings/remote-settings.js:188:13

[Parent 4424, Gecko_IOThread] WARNING: pipe error: 109: file z:/build/build/src/ipc/chromium/src/chrome/common/ipc_channel_win.cc, line 332
[Parent 4424, Gecko_IOThread] WARNING: pipe error: 109: file z:/build/build/src/ipc/chromium/src/chrome/common/ipc_channel_win.cc, line 332
[Child 3784, Chrome_ChildThread] WARNING: pipe error: 109: file z:/build/build/src/ipc/chromium/src/chrome/common/ipc_channel_win.cc, line 332
[Child 3784, Chrome_ChildThread] WARNING: pipe error: 109: file z:/build/build/src/ipc/chromium/src/chrome/common/ipc_channel_win.cc, line 332
[Child 22996, Chrome_ChildThread] WARNING: pipe error: 109: file z:/build/build/src/ipc/chromium/src/chrome/common/ipc_channel_win.cc, line 332
1553443736738	Marionette	INFO	Stopped listening on port 59572

###!!! [Child][RunMessage] Error: Channel closing: too late to send/recv, messages will be lost

[GPU 18848, Chrome_ChildThread] W
###!!! [Child][MessageChannel::SendAndWait] Error: Channel error: cannot send/recv

NING: pipe error: 109: file z:/build/build/src/ipc/chromium/src/chrome/common/ipc_channel_win.cc, line 332
[Ch1553443124622	Marionette	INFO	Stopped listening on port 59647

###!!! [Child][RunMessage] Error: Channel closing: too late to send/recv, messages will be lost

[GPU 6916, 
###!!! [Child][MessageChannel::SendAndWait] Error: Channel error: cannot send/recv

1553443391917	mozrunner::runner	INFO	Running command: "C:\\Program Files\\Mozilla Firefox\\firefox.exe" "-marionette" "-foreground" "-no-remote" "-profile" "C:\\Users\\user\\AppData\\Local\\Temp\\rust_mozprofile.RcWIxz3HJpDy"
1553443392414	addons.webextension.screenshots@mozilla.org	WARN	Loading extension 'screenshots@mozilla.org': Reading manifest: Invalid host permission: resource://pdf.js/
1553443392414	addons.webextension.screenshots@mozilla.org	WARN	Loading extension 'screenshots@mozilla.org': Reading manifest: Invalid host permission: about:reader*
1553443393960	Marionette	INFO	Listening on port 60170
1553443394041	Marionette	WARN	TLS certificate errors will be ignored for this session
console.error: BroadcastService: 
  receivedBroadcastMessage: handler for
  remote-settings/monitor_changes
  threw error:
  Message: Error: Polling for changes failed: NetworkError when attempting to fetch resource..
  Stack:
    remoteSettingsFunction/remoteSettings.pollChanges@resource://services-settings/remote-settings.js:188:13

[Child 21180, Chrome_ChildThread] WARNING: pipe error: 109: file z:/build/build/src/ipc/chromium/src/chrome/common/ipc_channel_win.cc, line 332
[Parent 21784, Gecko_IOThread] WARNING: pipe error: 109: file z:/build/build/src/ipc/chromium/src/chrome/common/ipc_channel_win.cc, line 332
[Child 19476, Chrome_ChildThread] WARNING: pipe error: 109: file z:/build/build/src/ipc/chromium/src/chrome/common/ipc_channel_win.cc, line 332
[Child 11553443736650	Marionette	INFO	Stopped listening on port 60170

###!!! [Child][RunMessage] Error: Channel closing: too late to send/recv, messages will be lost

[GPU 21972, Chrome_ChildThread] WA
###!!! [Child][MessageChannel::SendAndWait] Error: Channel error: cannot send/recv

IOThread] WARNING: pipe error: 109: file z:/build/build/src/ipc/chromium/src/chrome/common/ipc_channel_win.cc, line 332
[Parent 16792, Gecko_IOThread] WARNING: pipe error: 109: file z:/build/build/src/ipc/chromium/src/chrome/common/ipc_channel_win.cc, line 332
[Child 22444, Chrome_ChildThread] WARNING: pipe error: 109: file z:/build/build/src/ipc/chromium/src/chrome/common/ipc_channel_win.cc, line 332
[Child 18616, Chrome_ChildThread] WARNING: pipe error: 109: file z:/build/build/src/ipc/chromium/src/chrome/common/ipc_channel_win.cc, line 332
[Parent 16792, Gecko_IOThread] WARNING: pipe error: 109: file z:/build/build/src/ipc/chromium/src/chrome/common/ipc_channel_win.cc, line 332
[Child 8412, Chrome_ChildThread] WARNING: pipe error: 109: file z:/build/build/src/ipc/chromium/src/chrome/common/ipc_channel_win.cc, line 332
[Child 8412, Chrom1553443736725	Marionette	INFO	Stopped listening on port 60523
[GPU 21712, Chrome_ChildThread] WARNING: pipe error: 109: file z:/build/build/src/ipc/chromium/src/chrome/common/ipc_channel_win.cc, line 332

###!!! [Child][MessageChannel::SendAndWait] Error: Channel error: cannot send/recv

G: pipe error: 109: file z:/build/build/src/ipc/chromium/src/chrome/common/ipc_channel_win.cc, line 332
[Child 12432, Chrome_ChildThread] WARNING: pipe error: 109: file z:/build/build/src/ipc/chromium/src/chrome/common/ipc_channel_win.cc, line 332
[Parent 20912, Gecko_IOThread] WARNING: pipe error: 109: file z:/build/build/src/ipc/chromium/src/chrome/common/ipc_channel_win.cc, line 332
[Child 20920, Chrome_ChildThread] WARNING: pipe error: 109: file z:/build/build/src/ipc/chromium/src/chrome/common/ipc_channel_win.cc1553443736781	Marionette	INFO	Stopped listening on port 60778

###!!! [Child][RunMessage] Error: Channel closing: too late to send/recv, messages will be lost

[GPU 13956, Chrome_ChildThread] WARNING: pipe error: 
###!!! [Child][MessageChannel::SendAndWait] Error: Channel 
###!!! [Child][MessageChannel::SendAndWait] Error: Channel error: cannot send/recv

1553443827498	mozrunner::runner	INFO	Running command: "C:\\Program Files\\Mozilla Firefox\\firefox.exe" "-marionette" "-foreground" "-no-remote" "-profile" "C:\\Users\\user\\AppData\\Local\\Temp\\rust_mozprofile.wcVVEIuddr6y"
1553443828015	addons.webextension.screenshots@mozilla.org	WARN	Loading extension 'screenshots@mozilla.org': Reading manifest: Invalid host permission: resource://pdf.js/
1553443828015	addons.webextension.screenshots@mozilla.org	WARN	Loading extension 'screenshots@mozilla.org': Reading manifest: Invalid host permission: about:reader*
1553443829674	Marionette	INFO	Listening on port 61027
1553443829713	Marionette	WARN	TLS certificate errors will be ignored for this session
[Parent 23180, Gecko_IOThread] WARNING: pipe error: 109: file z:/build/build/src/ipc/chromium/src/chrome/common/ipc_channel_win.cc, line 332
[Parent 23180, Gecko_IOThread] WARNING: pipe error: 109: file z:/build/build/src/ipc/chromium/src/chrome/common/ipc_channel_win.cc, line 332
[Child 13376, Chrome_ChildThread] WARNING: pipe error: 109: file z:/build/build/src/ipc/chromium/src/chrome/common/ipc_channel_win.cc, line 332
[Child 13376, Ch1553443840873	Marionette	INFO	Stopped listening on port 61027

###!!! [Child][RunMessage] Error: Channel closing: too late to send/recv, messages will be lost

[GPU 2
###!!! [Child][MessageChannel::SendAndWait] Error: Channel error: cannot send/recv

1553443891134	mozrunner::runner	INFO	Running command: "C:\\Program Files\\Mozilla Firefox\\firefox.exe" "-marionette" "-foreground" "-no-remote" "-profile" "C:\\Users\\user\\AppData\\Local\\Temp\\rust_mozprofile.rktobTSQu8fP"
1553443891636	addons.webextension.screenshots@mozilla.org	WARN	Loading extension 'screenshots@mozilla.org': Reading manifest: Invalid host permission: resource://pdf.js/
1553443891636	addons.webextension.screenshots@mozilla.org	WARN	Loading extension 'screenshots@mozilla.org': Reading manifest: Invalid host permission: about:reader*
1553443893196	Marionette	INFO	Listening on port 61161
1553443893247	Marionette	WARN	TLS certificate errors will be ignored for this session
1553444783918	Marionette	INFO	Stopped listening on port 61161

###!!! [Child][RunMessage] Error: Channel closing: too late to send/recv, messages will be lost

[GPU 14180, Chrome_ChildThread] WARNING: pipe error: 109: file z:/build/build/src/ipc/chromium/src/chrome/common/ipc_channel_win.cc, line 332

###!!! [Child][MessageChannel::SendAndWait] Error: Channel error: cannot send/recv


1553444335677	addons.webextension.screenshots@mozilla.org	WARN	Loading extension 'screenshots@mozilla.org': Reading manifest: Invalid host permission: about:reader*
1553444337227	Marionette	INFO	Listening on port 61787
1553444337303	Marionette	WARN	TLS certificate errors will be ignored for this session
[Parent 10628, Gecko_IOThread] WARNING: pipe error: 109: file z:/build/build/src/ipc/chromium/src/chrome/common/ipc_channel_win.cc, line 332
1553444783963	Marionette	INFO	Stopped listening on port 61787

###!!! [Child][RunMessage] Error: Channel closing: too late to send/recv, messages will be lost

[GPU 17888, Chrome_ChildThread] WARNING: pipe error: 109: file z:/build/build/src/ipc/chromium/src/chrome/common/i
###!!! [Child][MessageChannel::SendAndWait] Error: Channel error: cannot send/recv

ding manifest: Invalid host permission: about:reader*
1553444409625	Marionette	INFO	Listening on port 61927
1553444409689	Marionette	WARN	TLS certificate errors will be ignored for this session
[Parent 17820, Gecko_IOThread] WARNING: pipe error: 109: file z:/build/build/src/ipc/chromium/src/chrome/common/ipc_channel_win.cc, line 332
1553444412153	Marionette	INFO	Stopped listening on port 61927

###!!! [Child][RunMessage] Error: Channel closing: too late to send/recv, messages will be lost

[GPU 
###!!! [Child][MessageChannel::SendAndWait] Error: Channel error: cannot send/recv

1553444421777	mozrunner::runner	INFO	Running command: "C:\\Program Files\\Mozilla Firefox\\firefox.exe" "-marionette" "-foreground" "-no-remote" "-profile" "C:\\Users\\user\\AppData\\Local\\Temp\\rust_mozprofile.6EwCzUoimOIp"
1553444422744	addons.webextension.screenshots@mozilla.org	WARN	Loading extension 'screenshots@mozilla.org': Reading manifest: Invalid host permission: resource://pdf.js/
1553444422745	addons.webextension.screenshots@mozilla.org	WARN	Loading extension 'screenshots@mozilla.org': Reading manifest: Invalid host permission: about:reader*
1553444424411	Marionette	INFO	Listening on port 61983
1553444424492	Marionette	WARN	TLS certificate errors will be ignored for this session
[Child 10824, Chrome_ChildThread] WARNING: pipe error: 109: file z:/build/build/src/ipc/chromium/src/chrome/common/ipc_channel_win.cc, line 332
[Parent 20072, Gecko_IOThread] WARNING: pipe error: 109: file z:/build/build/src/ipc/chromium/src/chrome/common/ipc_channel_win.cc, line 332
[Child 20824, Chrome_ChildThread] WARNING: pipe error: 109: file z:/build/build/src/ipc/chromium/src/chrome/common/ipc_channel_win.cc, line 332
[Child 20824, Chrome_ChildThread] WARN1553444783970	Marionette	INFO	Stopped listening on port 61983

###!!! [Child][RunMessage] Error: Channel closing: too late to send/recv, messages will be lost

[GPU 21300, Chrome_ChildThread] WARNING: pipe error: 109: file z:/
###!!! [Child][MessageChannel::SendAndWait] Error: Channel error: cannot send/recv

/chromium/src/chrome/common/ipc_channel_win.cc, line 332
[Parent 3380, Gecko_IOThread] WARNING: pipe error: 109: file z:/build/build/src/ipc/chromium/src/chrome/common/ipc_channel_win.cc, line 332
[Child 13956, Chrome_ChildThread] WARNING: pipe error: 109: file z:/build/build/src/ipc/chromium/src/chrome/common/ipc_channel_win.cc, line 332
[Parent 3380, Gecko_IOThread] WARNING: pipe error: 109: file z:/build/build/src/ipc/chromium/src/chrome/common/ipc_channel_win.cc, line 332
[Child 22520, Chrome_ChildThread] WARNING: pipe error: 109: file z:/build/build/src/ipc/chromium/src/chrome/common/ipc_channel_win.cc, line 332
[Child 22520, 1553444784009	Marionette	INFO	Stopped listening on port 62081
[GPU 8768
###!!! [Child][MessageChannel::SendAndWait] Error: Channel error: cannot send/recv

G: pipe error: 109: file z:/build/build/src/ipc/chromium/src/chrome/common/ipc_channel_win.cc, line 332
[Child 19684, Chrome_ChildThread] WARNING: pipe error: 109: file z:/build/build/src/ipc/chromium/src/chrome/common/ipc_channel_win.cc, line 332
[Child 19684, Chrome_ChildThread] WARNING: pi1553444783944	Marionette	INFO	Stopped listening on port 62270

###!!! [Child][RunMessage] Error: Channel closing: too late to send/recv, messages will be lost

[GP
###!!! [Child][MessageChannel::SendAndWait] Error: Channel error: cannot send/recv

1553519192741	mozrunner::runner	INFO	Running command: "C:\\Program Files\\Mozilla Firefox\\firefox.exe" "-marionette" "-foreground" "-no-remote" "-profile" "C:\\Users\\user\\AppData\\Local\\Temp\\rust_mozprofile.zxcBz16A0eLS"
1553519193327	addons.webextension.screenshots@mozilla.org	WARN	Loading extension 'screenshots@mozilla.org': Reading manifest: Invalid host permission: resource://pdf.js/
1553519193328	addons.webextension.screenshots@mozilla.org	WARN	Loading extension 'screenshots@mozilla.org': Reading manifest: Invalid host permission: about:reader*
1553519195089	Marionette	INFO	Listening on port 54563
1553519195600	Marionette	WARN	TLS certificate errors will be ignored for this session
1553519358214	mozrunner::runner	INFO	Running command: "C:\\Program Files\\Mozilla Firefox\\firefox.exe" "-marionette" "-foreground" "-no-remote" "-profile" "C:\\Users\\user\\AppData\\Local\\Temp\\rust_mozprofile.OTrOdgJjSqEL"
1553519359206	addons.webextension.screenshots@mozilla.org	WARN	Loading extension 'screenshots@mozilla.org': Reading manifest: Invalid host permission: resource://pdf.js/
1553519359206	addons.webextension.screenshots@mozilla.org	WARN	Loading extension 'screenshots@mozilla.org': Reading manifest: Invalid host permission: about:reader*
1553519360929	Marionette	INFO	Listening on port 54703
1553519361433	Marionette	WARN	TLS certificate errors will be ignored for this session
[Parent 15532, Gecko_IOThread] WARNING: pipe error: 109: file z:/build/build/src/ipc/chromium/src/chrome/common/ipc_channel_win.cc, line 332
[Child 21496, Chrome_ChildThread] WARNING: pipe error: 109: file z:/build/build/src/ipc/chromium/src/chrome/common/ipc_channel_win.cc, line 332
[Child 1588, Chrome_ChildThread] WARNING: pipe error: 109: file z:/build/build/src/ipc/chromium/src/chrome/common/ipc_channel_win.cc, line 332
[Child 1588, Chrome_ChildThread] WARNING: [Parent 15532, Gecko_IOThread] WARNING: pipe error: 109: file z:/build/build/src/ipc/chromium/src/chrome/common/ipc_channel_win.cc, line 332
1553519423719	Marionette	INFO	Stopped listening on port 54703

###!!! [Child][MessageChannel::SendAndWait] Error: Channel error: cannot send/recv

	Loading extension 'screenshots@mozilla.org': Reading manifest: Invalid host permission: about:reader*
1553519425066	Marionette	INFO	Listening on port 54789
1553519425450	Marionette	WARN	TLS certificate errors will be ignored for this session
1553519479217	mozrunner::runner	INFO	Running command: "C:\\Program Files\\Mozilla Firefox\\firefox.exe" "-marionette" "-foreground" "-no-remote" "-profile" "C:\\Users\\user\\AppData\\Local\\Temp\\rust_mozprofile.p0p5DvDAqR9l"
1553519479803	addons.webextension.screenshots@mozilla.org	WARN	Loading extension 'screenshots@mozilla.org': Reading manifest: Invalid host permission: resource://pdf.js/
1553519479803	addons.webextension.screenshots@mozilla.org	WARN	Loading extension 'screenshots@mozilla.org': Reading manifest: Invalid host permission: about:reader*
1553519481501	Marionette	INFO	Listening on port 54854
1553519481935	Marionette	WARN	TLS certificate errors will be ignored for this session
[Parent 7176, Gecko_IOThread] WARNING: pipe error: 109: file z:/build/build/src/ipc/chromium/src/chrome/common/ipc_channel_win.cc, line 332
[Parent 7176, Gecko_IOThread] WARNING: pipe error: 109: file z:/build/build/src/ipc/chromium/src/chrome/common/ipc_channel_win.cc, line 332
[Child 22640, Chrome_ChildThread] WARNING: pipe error: 109: file z:/build/build/src/ipc/chromium/src/chrome/common/ipc_channel_win.cc, line 332
[Child 2264[Parent 7176, Gecko_IOThread] WARNING: pipe error: 109: file z:/build/build/src/ipc/chromium/src/chrome/common/ipc_channel_win.cc, line 332
[Ch1553519570744	Marionette	INFO	Stopped listening on port 54854
[GPU 10724
###!!! [Child][MessageChannel::SendAndWait] Error: Channel error: cannot send/recv

1553519605744	mozrunner::runner	INFO	Running command: "C:\\Program Files\\Mozilla Firefox\\firefox.exe" "-marionette" "-foreground" "-no-remote" "-profile" "C:\\Users\\user\\AppData\\Local\\Temp\\rust_mozprofile.G8X4euQrvVgR"
1553519606429	addons.webextension.screenshots@mozilla.org	WARN	Loading extension 'screenshots@mozilla.org': Reading manifest: Invalid host permission: resource://pdf.js/
1553519606430	addons.webextension.screenshots@mozilla.org	WARN	Loading extension 'screenshots@mozilla.org': Reading manifest: Invalid host permission: about:reader*
1553519608056	Marionette	INFO	Listening on port 54991
1553519608461	Marionette	WARN	TLS certificate errors will be ignored for this session
JavaScript warning: resource://devtools/client/shared/demangle.js, line 0: Successfully compiled asm.js code (total compilation time 121ms; unable to cache asm.js in synchronous scripts; try loading asm.js via <script async> or createElement('script'))
[Parent 10872, Gecko_IOThread] WARNING: pipe error: 109: file z:/build/build/src/ipc/chromium/src/chrome/common/ipc_channel_win.cc, line 332
[Parent 10872, Gecko_IOThread] WARNING: pipe error: 109: file z:/build/build/src/ipc/chromium/src/chrome/common/ipc_channel_win.cc, line 332
[Child 22504, Chrome_ChildThread] WARNING: pipe error: 109: file z:/build/build/src/ipc/chromium/src/chrome/common/ipc_channel_win.cc, line 332
[Child 22504, Chrome_ChildThrea[Parent 10872, Gecko_IOThread] WARNING: pipe error: 109: file z:/build/build/src/ipc/chromium/src/chrome/common/ipc_channel_win.cc, line 332
[C1553519769985	Marionette	INFO	Stopped listening on port 54991

###!!! [Child][RunMessage] Error: Channel closing: too late to send/recv, messages will be lost

[GPU 13640, Ch
###!!! [Child][MessageChannel::SendAndWait] Error: Channel error: cannot send/recv

